# JRE version: OpenJDK Runtime Environment (8.0_152-b01) (build 1.8.0_152-release-1248-b01)
# Java VM: OpenJDK 64-Bit Server VM (25.152-b01 mixed mode windows-amd64 compressed oops)
Heap:
 PSYoungGen      total 80384K, used 41963K [0x00000000e0000000, 0x00000000e6b80000, 0x0000000100000000)
  eden space 67584K, 43% used [0x00000000e0000000,0x00000000e1c7bd10,0x00000000e4200000)
  from space 12800K, 99% used [0x00000000e4200000,0x00000000e4e7f1c0,0x00000000e4e80000)
  to   space 14848K, 0% used [0x00000000e5d00000,0x00000000e5d00000,0x00000000e6b80000)
 ParOldGen       total 105472K, used 17800K [0x00000000a0000000, 0x00000000a6700000, 0x00000000e0000000)
  object space 105472K, 16% used [0x00000000a0000000,0x00000000a11623a0,0x00000000a6700000)
 Metaspace       used 54436K, capacity 55758K, committed 55936K, reserved 1097728K
  class space    used 7389K, capacity 7770K, committed 7808K, reserved 1048576K
GC Heap History (10 events):
Event: 24.611 GC heap before
{Heap before GC invocations=11 (full 1):
 PSYoungGen      total 56832K, used 23652K [0x00000000e0000000, 0x00000000e4d00000, 0x0000000100000000)
  eden space 46592K, 32% used [0x00000000e0000000,0x00000000e0e9ae58,0x00000000e2d80000)
  from space 10240K, 84% used [0x00000000e2d80000,0x00000000e35fe2a0,0x00000000e3780000)
  to   space 10752K, 0% used [0x00000000e4280000,0x00000000e4280000,0x00000000e4d00000)
 ParOldGen       total 68096K, used 9415K [0x00000000a0000000, 0x00000000a4280000, 0x00000000e0000000)
  object space 68096K, 13% used [0x00000000a0000000,0x00000000a0931dd0,0x00000000a4280000)
 Metaspace       used 34672K, capacity 35230K, committed 35416K, reserved 1079296K
  class space    used 4830K, capacity 5033K, committed 5120K, reserved 1048576K
Event: 24.626 GC heap after
Heap after GC invocations=11 (full 1):
 PSYoungGen      total 67584K, used 8549K [0x00000000e0000000, 0x00000000e4e00000, 0x0000000100000000)
  eden space 56832K, 0% used [0x00000000e0000000,0x00000000e0000000,0x00000000e3780000)
  from space 10752K, 79% used [0x00000000e4280000,0x00000000e4ad96a0,0x00000000e4d00000)
  to   space 11264K, 0% used [0x00000000e3780000,0x00000000e3780000,0x00000000e4280000)
 ParOldGen       total 68096K, used 9423K [0x00000000a0000000, 0x00000000a4280000, 0x00000000e0000000)
  object space 68096K, 13% used [0x00000000a0000000,0x00000000a0933dd0,0x00000000a4280000)
 Metaspace       used 34672K, capacity 35230K, committed 35416K, reserved 1079296K
  class space    used 4830K, capacity 5033K, committed 5120K, reserved 1048576K
}
Event: 24.626 GC heap before
{Heap before GC invocations=12 (full 2):
 PSYoungGen      total 67584K, used 8549K [0x00000000e0000000, 0x00000000e4e00000, 0x0000000100000000)
  eden space 56832K, 0% used [0x00000000e0000000,0x00000000e0000000,0x00000000e3780000)
  from space 10752K, 79% used [0x00000000e4280000,0x00000000e4ad96a0,0x00000000e4d00000)
  to   space 11264K, 0% used [0x00000000e3780000,0x00000000e3780000,0x00000000e4280000)
 ParOldGen       total 68096K, used 9423K [0x00000000a0000000, 0x00000000a4280000, 0x00000000e0000000)
  object space 68096K, 13% used [0x00000000a0000000,0x00000000a0933dd0,0x00000000a4280000)
 Metaspace       used 34672K, capacity 35230K, committed 35416K, reserved 1079296K
  class space    used 4830K, capacity 5033K, committed 5120K, reserved 1048576K
Event: 24.752 GC heap after
Heap after GC invocations=12 (full 2):
 PSYoungGen      total 67584K, used 0K [0x00000000e0000000, 0x00000000e4e00000, 0x0000000100000000)
  eden space 56832K, 0% used [0x00000000e0000000,0x00000000e0000000,0x00000000e3780000)
  from space 10752K, 0% used [0x00000000e4280000,0x00000000e4280000,0x00000000e4d00000)
  to   space 11264K, 0% used [0x00000000e3780000,0x00000000e3780000,0x00000000e4280000)
 ParOldGen       total 105472K, used 15241K [0x00000000a0000000, 0x00000000a6700000, 0x00000000e0000000)
  object space 105472K, 14% used [0x00000000a0000000,0x00000000a0ee27c0,0x00000000a6700000)
 Metaspace       used 34672K, capacity 35230K, committed 35416K, reserved 1079296K
  class space    used 4830K, capacity 5033K, committed 5120K, reserved 1048576K
}
Event: 33.232 GC heap before
{Heap before GC invocations=13 (full 2):
 PSYoungGen      total 67584K, used 56832K [0x00000000e0000000, 0x00000000e4e00000, 0x0000000100000000)
  eden space 56832K, 100% used [0x00000000e0000000,0x00000000e3780000,0x00000000e3780000)
  from space 10752K, 0% used [0x00000000e4280000,0x00000000e4280000,0x00000000e4d00000)
  to   space 11264K, 0% used [0x00000000e3780000,0x00000000e3780000,0x00000000e4280000)
 ParOldGen       total 105472K, used 15241K [0x00000000a0000000, 0x00000000a6700000, 0x00000000e0000000)
  object space 105472K, 14% used [0x00000000a0000000,0x00000000a0ee27c0,0x00000000a6700000)
 Metaspace       used 40579K, capacity 41256K, committed 41728K, reserved 1085440K
  class space    used 5538K, capacity 5776K, committed 5888K, reserved 1048576K
Event: 33.248 GC heap after
Heap after GC invocations=13 (full 2):
 PSYoungGen      total 68096K, used 8473K [0x00000000e0000000, 0x00000000e5980000, 0x0000000100000000)
  eden space 56832K, 0% used [0x00000000e0000000,0x00000000e0000000,0x00000000e3780000)
  from space 11264K, 75% used [0x00000000e3780000,0x00000000e3fc67a8,0x00000000e4280000)
  to   space 11264K, 0% used [0x00000000e4e80000,0x00000000e4e80000,0x00000000e5980000)
 ParOldGen       total 105472K, used 15249K [0x00000000a0000000, 0x00000000a6700000, 0x00000000e0000000)
  object space 105472K, 14% used [0x00000000a0000000,0x00000000a0ee47c0,0x00000000a6700000)
 Metaspace       used 40579K, capacity 41256K, committed 41728K, reserved 1085440K
  class space    used 5538K, capacity 5776K, committed 5888K, reserved 1048576K
}
Event: 38.529 GC heap before
{Heap before GC invocations=14 (full 2):
 PSYoungGen      total 68096K, used 65305K [0x00000000e0000000, 0x00000000e5980000, 0x0000000100000000)
  eden space 56832K, 100% used [0x00000000e0000000,0x00000000e3780000,0x00000000e3780000)
  from space 11264K, 75% used [0x00000000e3780000,0x00000000e3fc67a8,0x00000000e4280000)
  to   space 11264K, 0% used [0x00000000e4e80000,0x00000000e4e80000,0x00000000e5980000)
 ParOldGen       total 105472K, used 15249K [0x00000000a0000000, 0x00000000a6700000, 0x00000000e0000000)
  object space 105472K, 14% used [0x00000000a0000000,0x00000000a0ee47c0,0x00000000a6700000)
 Metaspace       used 44563K, capacity 45384K, committed 45568K, reserved 1089536K
  class space    used 6101K, capacity 6395K, committed 6400K, reserved 1048576K
Event: 38.546 GC heap after
Heap after GC invocations=14 (full 2):
 PSYoungGen      total 78848K, used 11251K [0x00000000e0000000, 0x00000000e5b80000, 0x0000000100000000)
  eden space 67584K, 0% used [0x00000000e0000000,0x00000000e0000000,0x00000000e4200000)
  from space 11264K, 99% used [0x00000000e4e80000,0x00000000e597cf98,0x00000000e5980000)
  to   space 12800K, 0% used [0x00000000e4200000,0x00000000e4200000,0x00000000e4e80000)
 ParOldGen       total 105472K, used 15683K [0x00000000a0000000, 0x00000000a6700000, 0x00000000e0000000)
  object space 105472K, 14% used [0x00000000a0000000,0x00000000a0f50df0,0x00000000a6700000)
 Metaspace       used 44563K, capacity 45384K, committed 45568K, reserved 1089536K
  class space    used 6101K, capacity 6395K, committed 6400K, reserved 1048576K
}
Event: 48.462 GC heap before
{Heap before GC invocations=15 (full 2):
 PSYoungGen      total 78848K, used 78835K [0x00000000e0000000, 0x00000000e5b80000, 0x0000000100000000)
  eden space 67584K, 100% used [0x00000000e0000000,0x00000000e4200000,0x00000000e4200000)
  from space 11264K, 99% used [0x00000000e4e80000,0x00000000e597cf98,0x00000000e5980000)
  to   space 12800K, 0% used [0x00000000e4200000,0x00000000e4200000,0x00000000e4e80000)
 ParOldGen       total 105472K, used 15683K [0x00000000a0000000, 0x00000000a6700000, 0x00000000e0000000)
  object space 105472K, 14% used [0x00000000a0000000,0x00000000a0f50df0,0x00000000a6700000)
 Metaspace       used 51969K, capacity 53190K, committed 53248K, reserved 1095680K
  class space    used 7033K, capacity 7410K, committed 7424K, reserved 1048576K
Event: 48.502 GC heap after
Heap after GC invocations=15 (full 2):
 PSYoungGen      total 80384K, used 12796K [0x00000000e0000000, 0x00000000e6b80000, 0x0000000100000000)
  eden space 67584K, 0% used [0x00000000e0000000,0x00000000e0000000,0x00000000e4200000)
  from space 12800K, 99% used [0x00000000e4200000,0x00000000e4e7f1c0,0x00000000e4e80000)
  to   space 14848K, 0% used [0x00000000e5d00000,0x00000000e5d00000,0x00000000e6b80000)
 ParOldGen       total 105472K, used 17800K [0x00000000a0000000, 0x00000000a6700000, 0x00000000e0000000)
  object space 105472K, 16% used [0x00000000a0000000,0x00000000a11623a0,0x00000000a6700000)
 Metaspace       used 51969K, capacity 53190K, committed 53248K, reserved 1095680K
  class space    used 7033K, capacity 7410K, committed 7424K, reserved 1048576K
}

